<?xml version="1.0" encoding="UTF-8"?><testsuite errors="0" failures="1" name=": About Banistmo" skipped="0" tests="1" time="22.36" timestamp="2022-02-21 06:42:28"><testcase name="Buscar el documento requerido"><failure message="Expected answer&#10;Expected: is &lt;true&gt;&#10;     but: was &lt;false&gt;" type="java.lang.AssertionError">Expected answer
Expected: is &lt;true&gt;
     but: was &lt;false&gt;</failure><system-err>Expected answer
Expected: is &lt;true&gt;
     but: was &lt;false&gt;&#13;
co.com.fruiz.sostenibilidad.stepdefinitions.AboutBanistmoStepDefinitions.encuentraYDescargaElPDFDeSostenibilidad(AboutBanistmoStepDefinitions.java:36)&#13;
✽.encuentra y descarga el PDF  "https://www.banistmo.com/wps/wcm/connect/www.banistmo.com11237/24e1f142-4bb1-4e59-a9d2-b7fcf56061b6/Generaci%C3%B3n+Sostenible+Edici%C3%B3n+9.compressed.pdf?MOD=AJPERES&amp;CVID=lSAKvcxs" de sostenibilidad(src/test/resources/features/aboutBanistmo.feature:12)&#13;
</system-err></testcase></testsuite>